márc. 23, 2014 4:57:26 DU Monopoly.Logger$LoggerClass doLog
INFO: BoardElementek betöltve, darab: 40
márc. 23, 2014 4:57:26 DU Monopoly.Logger$LoggerClass doLog
INFO: Property betöltve, darab: 28
márc. 23, 2014 4:57:26 DU Monopoly.Logger$LoggerClass doLog
INFO: CommunityChest betöltve, darab: 14
márc. 23, 2014 4:57:26 DU Monopoly.Logger$LoggerClass doLog
INFO: Chance betöltve, darab: 14
márc. 23, 2014 4:57:26 DU Monopoly.Logger$LoggerClass doLog
INFO: Property betöltve, darab: 28
márc. 23, 2014 4:57:26 DU Monopoly.Logger$LoggerClass doLog
INFO: Chance betöltve, darab: 14
márc. 23, 2014 4:57:26 DU Monopoly.Logger$LoggerClass doLog
INFO: CommunityChest betöltve, darab: 14
márc. 23, 2014 4:57:28 DU Monopoly.Logger$LoggerClass doLog
INFO: Új játék kezdődött.
márc. 23, 2014 4:57:28 DU Monopoly.Logger$LoggerClass doLog
INFO: Játékosok inícializálása
márc. 23, 2014 4:57:28 DU Monopoly.Logger$LoggerClass doLog
INFO: Computer player 1 elkészült.
